<?xml version="1.0" encoding="UTF-8"?>
<testsuite xmlns:xsi="http://www.w3.org/2001/XMLSchema-instance" xsi:noNamespaceSchemaLocation="https://maven.apache.org/surefire/maven-surefire-plugin/xsd/surefire-test-report.xsd" version="3.0.1" name="com.example.demo.TestUserService" time="0.391" tests="2" errors="0" skipped="0" failures="0">
  <properties>
[...]
</properties>
  <testcase name="testGetUserByEmail" classname="com.example.demo.TestUserService" time="0.388"/>
  <testcase name="testRegisterUser" classname="com.example.demo.TestUserService" time="0.002"/>
</testsuite>